{"/home/marcos/Projetos/bank-api/src/app.controller.ts": {"path":"/home/marcos/Projetos/bank-api/src/app.controller.ts","statementMap":{"0":{"start":{"line":1,"column":0},"end":{"line":1,"column":49}},"1":{"start":{"line":2,"column":0},"end":{"line":2,"column":43}},"2":{"start":{"line":3,"column":0},"end":{"line":3,"column":55}},"3":{"start":{"line":7,"column":0},"end":{"line":5,"column":1}},"4":{"start":{"line":8,"column":31},"end":{"line":8,"column":43}},"5":{"start":{"line":11,"column":2},"end":{"line":13,"column":null}},"6":{"start":{"line":12,"column":4},"end":{"line":12,"column":38}},"7":{"start":{"line":7,"column":13},"end":{"line":14,"column":null}},"8":{"start":{"line":14,"column":0},"end":{"line":14,"column":null}},"9":{"start":{"line":7,"column":13},"end":{"line":7,"column":26}}},"fnMap":{"0":{"name":"(anonymous_2)","decl":{"start":{"line":7,"column":0},"end":{"line":7,"column":13}},"loc":{"start":{"line":7,"column":0},"end":{"line":5,"column":1}}},"1":{"name":"AppController","decl":{"start":{"line":8,"column":2},"end":{"line":8,"column":31}},"loc":{"start":{"line":8,"column":53},"end":{"line":8,"column":57}}},"2":{"name":"(anonymous_4)","decl":{"start":{"line":11,"column":2},"end":{"line":11,"column":10}},"loc":{"start":{"line":11,"column":2},"end":{"line":13,"column":3}}}},"branchMap":{},"s":{"0":1,"1":1,"2":1,"3":1,"4":1,"5":2,"6":1,"7":1,"8":1,"9":1},"f":{"0":1,"1":1,"2":1},"b":{}}
,"/home/marcos/Projetos/bank-api/src/app.service.ts": {"path":"/home/marcos/Projetos/bank-api/src/app.service.ts","statementMap":{"0":{"start":{"line":1,"column":0},"end":{"line":1,"column":44}},"1":{"start":{"line":4,"column":0},"end":{"line":4,"column":13}},"2":{"start":{"line":5,"column":2},"end":{"line":7,"column":null}},"3":{"start":{"line":6,"column":4},"end":{"line":6,"column":26}},"4":{"start":{"line":4,"column":13},"end":{"line":8,"column":null}},"5":{"start":{"line":8,"column":0},"end":{"line":8,"column":null}},"6":{"start":{"line":4,"column":13},"end":{"line":4,"column":23}}},"fnMap":{"0":{"name":"(anonymous_1)","decl":{"start":{"line":4,"column":0},"end":{"line":4,"column":13}},"loc":{"start":{"line":4,"column":0},"end":{"line":4,"column":13}}},"1":{"name":"(anonymous_3)","decl":{"start":{"line":5,"column":2},"end":{"line":5,"column":10}},"loc":{"start":{"line":5,"column":2},"end":{"line":7,"column":3}}}},"branchMap":{},"s":{"0":1,"1":1,"2":1,"3":1,"4":1,"5":1,"6":1},"f":{"0":2,"1":1},"b":{}}
,"/home/marcos/Projetos/bank-api/src/accounts/accounts.controller.ts": {"path":"/home/marcos/Projetos/bank-api/src/accounts/accounts.controller.ts","statementMap":{"0":{"start":{"line":1,"column":0},"end":{"line":1,"column":null}},"1":{"start":{"line":10,"column":0},"end":{"line":10,"column":53}},"2":{"start":{"line":11,"column":0},"end":{"line":11,"column":60}},"3":{"start":{"line":12,"column":0},"end":{"line":12,"column":47}},"4":{"start":{"line":13,"column":0},"end":{"line":13,"column":57}},"5":{"start":{"line":19,"column":0},"end":{"line":15,"column":1}},"6":{"start":{"line":20,"column":31},"end":{"line":20,"column":48}},"7":{"start":{"line":23,"column":2},"end":{"line":25,"column":null}},"8":{"start":{"line":24,"column":4},"end":{"line":24,"column":57}},"9":{"start":{"line":28,"column":2},"end":{"line":30,"column":null}},"10":{"start":{"line":29,"column":4},"end":{"line":29,"column":42}},"11":{"start":{"line":33,"column":2},"end":{"line":35,"column":null}},"12":{"start":{"line":34,"column":4},"end":{"line":34,"column":44}},"13":{"start":{"line":38,"column":2},"end":{"line":40,"column":null}},"14":{"start":{"line":39,"column":4},"end":{"line":39,"column":43}},"15":{"start":{"line":19,"column":13},"end":{"line":41,"column":null}},"16":{"start":{"line":41,"column":0},"end":{"line":41,"column":null}},"17":{"start":{"line":19,"column":13},"end":{"line":19,"column":31}}},"fnMap":{"0":{"name":"(anonymous_4)","decl":{"start":{"line":19,"column":0},"end":{"line":19,"column":13}},"loc":{"start":{"line":19,"column":0},"end":{"line":15,"column":1}}},"1":{"name":"AccountsController","decl":{"start":{"line":20,"column":2},"end":{"line":20,"column":31}},"loc":{"start":{"line":20,"column":63},"end":{"line":20,"column":67}}},"2":{"name":"(anonymous_6)","decl":{"start":{"line":23,"column":2},"end":{"line":23,"column":8}},"loc":{"start":{"line":23,"column":51},"end":{"line":25,"column":3}}},"3":{"name":"(anonymous_7)","decl":{"start":{"line":28,"column":2},"end":{"line":28,"column":9}},"loc":{"start":{"line":28,"column":2},"end":{"line":30,"column":3}}},"4":{"name":"(anonymous_8)","decl":{"start":{"line":33,"column":2},"end":{"line":33,"column":9}},"loc":{"start":{"line":33,"column":33},"end":{"line":35,"column":3}}},"5":{"name":"(anonymous_9)","decl":{"start":{"line":38,"column":2},"end":{"line":38,"column":8}},"loc":{"start":{"line":38,"column":32},"end":{"line":40,"column":3}}}},"branchMap":{},"s":{"0":1,"1":1,"2":1,"3":1,"4":1,"5":1,"6":1,"7":2,"8":0,"9":2,"10":0,"11":2,"12":0,"13":2,"14":0,"15":1,"16":1,"17":1},"f":{"0":1,"1":1,"2":0,"3":0,"4":0,"5":0},"b":{}}
,"/home/marcos/Projetos/bank-api/src/accounts/accounts.service.ts": {"path":"/home/marcos/Projetos/bank-api/src/accounts/accounts.service.ts","statementMap":{"0":{"start":{"line":1,"column":0},"end":{"line":1,"column":63}},"1":{"start":{"line":3,"column":0},"end":{"line":3,"column":51}},"2":{"start":{"line":4,"column":0},"end":{"line":4,"column":52}},"3":{"start":{"line":5,"column":0},"end":{"line":5,"column":37}},"4":{"start":{"line":8,"column":0},"end":{"line":7,"column":1}},"5":{"start":{"line":11,"column":12},"end":{"line":11,"column":31}},"6":{"start":{"line":14,"column":2},"end":{"line":16,"column":null}},"7":{"start":{"line":15,"column":4},"end":{"line":15,"column":null}},"8":{"start":{"line":18,"column":2},"end":{"line":20,"column":null}},"9":{"start":{"line":19,"column":4},"end":{"line":19,"column":41}},"10":{"start":{"line":22,"column":8},"end":{"line":24,"column":null}},"11":{"start":{"line":23,"column":4},"end":{"line":23,"column":null}},"12":{"start":{"line":23,"column":80},"end":{"line":23,"column":110}},"13":{"start":{"line":26,"column":2},"end":{"line":28,"column":null}},"14":{"start":{"line":27,"column":4},"end":{"line":27,"column":null}},"15":{"start":{"line":8,"column":13},"end":{"line":29,"column":null}},"16":{"start":{"line":29,"column":0},"end":{"line":29,"column":null}},"17":{"start":{"line":8,"column":13},"end":{"line":8,"column":28}}},"fnMap":{"0":{"name":"(anonymous_17)","decl":{"start":{"line":8,"column":0},"end":{"line":8,"column":13}},"loc":{"start":{"line":8,"column":0},"end":{"line":7,"column":1}}},"1":{"name":"AccountsService","decl":{"start":{"line":9,"column":2},"end":{"line":9,"column":null}},"loc":{"start":{"line":11,"column":50},"end":{"line":12,"column":6}}},"2":{"name":"(anonymous_19)","decl":{"start":{"line":14,"column":2},"end":{"line":14,"column":8}},"loc":{"start":{"line":14,"column":43},"end":{"line":16,"column":3}}},"3":{"name":"(anonymous_20)","decl":{"start":{"line":18,"column":2},"end":{"line":18,"column":9}},"loc":{"start":{"line":18,"column":2},"end":{"line":20,"column":3}}},"4":{"name":"(anonymous_21)","decl":{"start":{"line":22,"column":2},"end":{"line":22,"column":8}},"loc":{"start":{"line":22,"column":26},"end":{"line":24,"column":null}}},"5":{"name":"(anonymous_24)","decl":{"start":{"line":23,"column":73},"end":{"line":23,"column":80}},"loc":{"start":{"line":23,"column":73},"end":{"line":23,"column":110}}},"6":{"name":"(anonymous_25)","decl":{"start":{"line":26,"column":2},"end":{"line":26,"column":8}},"loc":{"start":{"line":26,"column":19},"end":{"line":28,"column":3}}}},"branchMap":{},"s":{"0":1,"1":1,"2":1,"3":1,"4":1,"5":0,"6":1,"7":0,"8":1,"9":0,"10":1,"11":0,"12":0,"13":1,"14":0,"15":1,"16":1,"17":1},"f":{"0":1,"1":0,"2":0,"3":0,"4":0,"5":0,"6":0},"b":{}}
,"/home/marcos/Projetos/bank-api/src/auth/auth.controller.ts": {"path":"/home/marcos/Projetos/bank-api/src/auth/auth.controller.ts","statementMap":{"0":{"start":{"line":1,"column":0},"end":{"line":1,"column":56}},"1":{"start":{"line":2,"column":0},"end":{"line":2,"column":45}},"2":{"start":{"line":3,"column":0},"end":{"line":3,"column":57}},"3":{"start":{"line":4,"column":0},"end":{"line":4,"column":53}},"4":{"start":{"line":5,"column":0},"end":{"line":5,"column":42}},"5":{"start":{"line":9,"column":0},"end":{"line":7,"column":1}},"6":{"start":{"line":10,"column":31},"end":{"line":10,"column":44}},"7":{"start":{"line":13,"column":2},"end":{"line":15,"column":null}},"8":{"start":{"line":14,"column":4},"end":{"line":14,"column":64}},"9":{"start":{"line":18,"column":2},"end":{"line":20,"column":null}},"10":{"start":{"line":19,"column":4},"end":{"line":19,"column":69}},"11":{"start":{"line":9,"column":13},"end":{"line":21,"column":null}},"12":{"start":{"line":21,"column":0},"end":{"line":21,"column":null}},"13":{"start":{"line":9,"column":13},"end":{"line":9,"column":27}}},"fnMap":{"0":{"name":"(anonymous_4)","decl":{"start":{"line":9,"column":0},"end":{"line":9,"column":13}},"loc":{"start":{"line":9,"column":0},"end":{"line":7,"column":1}}},"1":{"name":"AuthController","decl":{"start":{"line":10,"column":2},"end":{"line":10,"column":31}},"loc":{"start":{"line":10,"column":55},"end":{"line":10,"column":59}}},"2":{"name":"(anonymous_6)","decl":{"start":{"line":13,"column":2},"end":{"line":13,"column":14}},"loc":{"start":{"line":13,"column":44},"end":{"line":15,"column":3}}},"3":{"name":"(anonymous_7)","decl":{"start":{"line":18,"column":2},"end":{"line":18,"column":10}},"loc":{"start":{"line":18,"column":38},"end":{"line":20,"column":3}}}},"branchMap":{},"s":{"0":1,"1":1,"2":1,"3":1,"4":1,"5":1,"6":1,"7":2,"8":0,"9":2,"10":0,"11":1,"12":1,"13":1},"f":{"0":1,"1":1,"2":0,"3":0},"b":{}}
,"/home/marcos/Projetos/bank-api/src/auth/auth.guard.ts": {"path":"/home/marcos/Projetos/bank-api/src/auth/auth.guard.ts","statementMap":{"0":{"start":{"line":1,"column":0},"end":{"line":1,"column":null}},"1":{"start":{"line":7,"column":0},"end":{"line":7,"column":41}},"2":{"start":{"line":8,"column":0},"end":{"line":8,"column":34}},"3":{"start":{"line":12,"column":0},"end":{"line":11,"column":1}},"4":{"start":{"line":13,"column":22},"end":{"line":13,"column":34}},"5":{"start":{"line":15,"column":8},"end":{"line":34,"column":null}},"6":{"start":{"line":16,"column":10},"end":{"line":16,"column":56}},"7":{"start":{"line":17,"column":10},"end":{"line":17,"column":55}},"8":{"start":{"line":18,"column":4},"end":{"line":20,"column":5}},"9":{"start":{"line":19,"column":6},"end":{"line":19,"column":40}},"10":{"start":{"line":23,"column":22},"end":{"line":27,"column":null}},"11":{"start":{"line":23,"column":12},"end":{"line":27,"column":null}},"12":{"start":{"line":28,"column":6},"end":{"line":28,"column":32}},"13":{"start":{"line":30,"column":6},"end":{"line":30,"column":40}},"14":{"start":{"line":33,"column":4},"end":{"line":33,"column":16}},"15":{"start":{"line":36,"column":10},"end":{"line":39,"column":null}},"16":{"start":{"line":37,"column":26},"end":{"line":37,"column":73}},"17":{"start":{"line":37,"column":15},"end":{"line":37,"column":17}},"18":{"start":{"line":37,"column":22},"end":{"line":37,"column":26}},"19":{"start":{"line":38,"column":4},"end":{"line":38,"column":49}},"20":{"start":{"line":12,"column":13},"end":{"line":40,"column":null}},"21":{"start":{"line":40,"column":0},"end":{"line":40,"column":null}},"22":{"start":{"line":12,"column":13},"end":{"line":12,"column":22}}},"fnMap":{"0":{"name":"(anonymous_15)","decl":{"start":{"line":12,"column":0},"end":{"line":12,"column":13}},"loc":{"start":{"line":12,"column":0},"end":{"line":11,"column":1}}},"1":{"name":"AuthGuard","decl":{"start":{"line":13,"column":2},"end":{"line":13,"column":22}},"loc":{"start":{"line":13,"column":44},"end":{"line":13,"column":48}}},"2":{"name":"(anonymous_17)","decl":{"start":{"line":15,"column":2},"end":{"line":15,"column":8}},"loc":{"start":{"line":15,"column":45},"end":{"line":34,"column":null}}},"3":{"name":"(anonymous_20)","decl":{"start":{"line":36,"column":2},"end":{"line":36,"column":10}},"loc":{"start":{"line":36,"column":49},"end":{"line":39,"column":3}}}},"branchMap":{"0":{"loc":{"start":{"line":33,"column":4},"end":{"line":33,"column":16}},"type":"switch","locations":[{"start":{"line":33,"column":4},"end":{"line":33,"column":16}}]},"1":{"loc":{"start":{"line":18,"column":4},"end":{"line":20,"column":5}},"type":"if","locations":[{"start":{"line":18,"column":4},"end":{"line":20,"column":5}}]},"2":{"loc":{"start":{"line":37,"column":26},"end":{"line":37,"column":73}},"type":"cond-expr","locations":[{"start":{"line":37,"column":67},"end":{"line":37,"column":71}},{"start":{"line":37,"column":71},"end":{"line":37,"column":73}}]},"3":{"loc":{"start":{"line":37,"column":26},"end":{"line":37,"column":71}},"type":"binary-expr","locations":[{"start":{"line":37,"column":26},"end":{"line":37,"column":71}},{"start":{"line":37,"column":67},"end":{"line":37,"column":71}}]},"4":{"loc":{"start":{"line":37,"column":26},"end":{"line":37,"column":67}},"type":"cond-expr","locations":[{"start":{"line":37,"column":55},"end":{"line":37,"column":57}},{"start":{"line":37,"column":55},"end":{"line":37,"column":67}}]},"5":{"loc":{"start":{"line":37,"column":26},"end":{"line":37,"column":57}},"type":"binary-expr","locations":[{"start":{"line":37,"column":26},"end":{"line":37,"column":57}},{"start":{"line":37,"column":55},"end":{"line":37,"column":57}}]},"6":{"loc":{"start":{"line":38,"column":11},"end":{"line":38,"column":48}},"type":"cond-expr","locations":[{"start":{"line":38,"column":31},"end":{"line":38,"column":36}},{"start":{"line":38,"column":39},"end":{"line":38,"column":48}}]}},"s":{"0":1,"1":1,"2":1,"3":1,"4":0,"5":1,"6":0,"7":0,"8":0,"9":0,"10":0,"11":0,"12":0,"13":0,"14":0,"15":1,"16":0,"17":0,"18":0,"19":0,"20":1,"21":1,"22":1},"f":{"0":1,"1":0,"2":0,"3":0},"b":{"0":[0],"1":[0],"2":[0,0],"3":[0,0],"4":[0,0],"5":[0,0],"6":[0,0]}}
,"/home/marcos/Projetos/bank-api/src/auth/auth.service.ts": {"path":"/home/marcos/Projetos/bank-api/src/auth/auth.service.ts","statementMap":{"0":{"start":{"line":1,"column":0},"end":{"line":1,"column":null}},"1":{"start":{"line":6,"column":0},"end":{"line":6,"column":51}},"2":{"start":{"line":7,"column":0},"end":{"line":7,"column":46}},"3":{"start":{"line":8,"column":0},"end":{"line":8,"column":37}},"4":{"start":{"line":9,"column":0},"end":{"line":9,"column":41}},"5":{"start":{"line":10,"column":0},"end":{"line":10,"column":33}},"6":{"start":{"line":13,"column":0},"end":{"line":12,"column":1}},"7":{"start":{"line":16,"column":12},"end":{"line":16,"column":28}},"8":{"start":{"line":17,"column":12},"end":{"line":17,"column":24}},"9":{"start":{"line":20,"column":8},"end":{"line":35,"column":null}},"10":{"start":{"line":21,"column":17},"end":{"line":21,"column":null}},"11":{"start":{"line":21,"column":10},"end":{"line":21,"column":null}},"12":{"start":{"line":23,"column":4},"end":{"line":25,"column":5}},"13":{"start":{"line":24,"column":6},"end":{"line":24,"column":36}},"14":{"start":{"line":27,"column":4},"end":{"line":29,"column":5}},"15":{"start":{"line":28,"column":6},"end":{"line":28,"column":40}},"16":{"start":{"line":31,"column":10},"end":{"line":31,"column":62}},"17":{"start":{"line":33,"column":20},"end":{"line":33,"column":null}},"18":{"start":{"line":32,"column":4},"end":{"line":34,"column":null}},"19":{"start":{"line":37,"column":8},"end":{"line":49,"column":null}},"20":{"start":{"line":38,"column":4},"end":{"line":48,"column":9}},"21":{"start":{"line":46,"column":38},"end":{"line":46,"column":43}},"22":{"start":{"line":46,"column":33},"end":{"line":46,"column":38}},"23":{"start":{"line":47,"column":8},"end":{"line":47,"column":20}},"24":{"start":{"line":13,"column":13},"end":{"line":50,"column":null}},"25":{"start":{"line":50,"column":0},"end":{"line":50,"column":null}},"26":{"start":{"line":13,"column":13},"end":{"line":13,"column":24}}},"fnMap":{"0":{"name":"(anonymous_18)","decl":{"start":{"line":13,"column":0},"end":{"line":13,"column":13}},"loc":{"start":{"line":13,"column":0},"end":{"line":12,"column":1}}},"1":{"name":"AuthService","decl":{"start":{"line":14,"column":2},"end":{"line":14,"column":null}},"loc":{"start":{"line":17,"column":34},"end":{"line":18,"column":6}}},"2":{"name":"(anonymous_20)","decl":{"start":{"line":20,"column":2},"end":{"line":20,"column":8}},"loc":{"start":{"line":20,"column":44},"end":{"line":35,"column":null}}},"3":{"name":"(anonymous_23)","decl":{"start":{"line":37,"column":2},"end":{"line":37,"column":8}},"loc":{"start":{"line":37,"column":53},"end":{"line":49,"column":null}}},"4":{"name":"(anonymous_26)","decl":{"start":{"line":45,"column":12},"end":{"line":45,"column":13}},"loc":{"start":{"line":45,"column":17},"end":{"line":48,"column":7}}}},"branchMap":{"0":{"loc":{"start":{"line":21,"column":17},"end":{"line":21,"column":null}},"type":"switch","locations":[{"start":{"line":21,"column":17},"end":{"line":21,"column":null}},{"start":{"line":32,"column":4},"end":{"line":34,"column":null}}]},"1":{"loc":{"start":{"line":23,"column":4},"end":{"line":25,"column":5}},"type":"if","locations":[{"start":{"line":23,"column":4},"end":{"line":25,"column":5}}]},"2":{"loc":{"start":{"line":27,"column":4},"end":{"line":29,"column":5}},"type":"if","locations":[{"start":{"line":27,"column":4},"end":{"line":29,"column":5}}]},"3":{"loc":{"start":{"line":27,"column":34},"end":{"line":27,"column":48}},"type":"cond-expr","locations":[{"start":{"line":27,"column":38},"end":{"line":27,"column":40}},{"start":{"line":27,"column":34},"end":{"line":27,"column":48}}]},"4":{"loc":{"start":{"line":27,"column":34},"end":{"line":27,"column":40}},"type":"binary-expr","locations":[{"start":{"line":27,"column":34},"end":{"line":27,"column":40}},{"start":{"line":27,"column":34},"end":{"line":27,"column":40}}]}},"s":{"0":2,"1":2,"2":2,"3":2,"4":2,"5":2,"6":2,"7":2,"8":2,"9":2,"10":0,"11":0,"12":0,"13":0,"14":0,"15":0,"16":0,"17":0,"18":0,"19":2,"20":0,"21":0,"22":0,"23":0,"24":2,"25":2,"26":2},"f":{"0":2,"1":2,"2":0,"3":0,"4":0},"b":{"0":[0,0],"1":[0],"2":[0],"3":[0,0],"4":[0,0]}}
,"/home/marcos/Projetos/bank-api/src/payments/payments.controller.ts": {"path":"/home/marcos/Projetos/bank-api/src/payments/payments.controller.ts","statementMap":{"0":{"start":{"line":1,"column":0},"end":{"line":1,"column":null}},"1":{"start":{"line":9,"column":0},"end":{"line":9,"column":53}},"2":{"start":{"line":10,"column":0},"end":{"line":10,"column":60}},"3":{"start":{"line":11,"column":0},"end":{"line":11,"column":60}},"4":{"start":{"line":12,"column":0},"end":{"line":12,"column":71}},"5":{"start":{"line":16,"column":0},"end":{"line":14,"column":1}},"6":{"start":{"line":17,"column":31},"end":{"line":17,"column":48}},"7":{"start":{"line":21,"column":2},"end":{"line":23,"column":null}},"8":{"start":{"line":22,"column":4},"end":{"line":22,"column":57}},"9":{"start":{"line":26,"column":2},"end":{"line":28,"column":null}},"10":{"start":{"line":27,"column":4},"end":{"line":27,"column":42}},"11":{"start":{"line":32,"column":2},"end":{"line":34,"column":null}},"12":{"start":{"line":33,"column":4},"end":{"line":33,"column":44}},"13":{"start":{"line":39,"column":2},"end":{"line":41,"column":null}},"14":{"start":{"line":40,"column":4},"end":{"line":40,"column":null}},"15":{"start":{"line":16,"column":13},"end":{"line":42,"column":null}},"16":{"start":{"line":42,"column":0},"end":{"line":42,"column":null}},"17":{"start":{"line":16,"column":13},"end":{"line":16,"column":31}}},"fnMap":{"0":{"name":"(anonymous_4)","decl":{"start":{"line":16,"column":0},"end":{"line":16,"column":13}},"loc":{"start":{"line":16,"column":0},"end":{"line":14,"column":1}}},"1":{"name":"PaymentsController","decl":{"start":{"line":17,"column":2},"end":{"line":17,"column":31}},"loc":{"start":{"line":17,"column":63},"end":{"line":17,"column":67}}},"2":{"name":"(anonymous_6)","decl":{"start":{"line":21,"column":2},"end":{"line":21,"column":8}},"loc":{"start":{"line":21,"column":51},"end":{"line":23,"column":3}}},"3":{"name":"(anonymous_7)","decl":{"start":{"line":26,"column":2},"end":{"line":26,"column":9}},"loc":{"start":{"line":26,"column":2},"end":{"line":28,"column":3}}},"4":{"name":"(anonymous_8)","decl":{"start":{"line":32,"column":2},"end":{"line":32,"column":9}},"loc":{"start":{"line":32,"column":33},"end":{"line":34,"column":3}}},"5":{"name":"(anonymous_9)","decl":{"start":{"line":39,"column":2},"end":{"line":39,"column":12}},"loc":{"start":{"line":39,"column":69},"end":{"line":41,"column":3}}}},"branchMap":{},"s":{"0":1,"1":1,"2":1,"3":1,"4":1,"5":1,"6":1,"7":2,"8":0,"9":2,"10":0,"11":2,"12":0,"13":2,"14":0,"15":1,"16":1,"17":1},"f":{"0":1,"1":1,"2":0,"3":0,"4":0,"5":0},"b":{}}
,"/home/marcos/Projetos/bank-api/src/payments/payments.service.ts": {"path":"/home/marcos/Projetos/bank-api/src/payments/payments.service.ts","statementMap":{"0":{"start":{"line":1,"column":0},"end":{"line":1,"column":84}},"1":{"start":{"line":3,"column":0},"end":{"line":3,"column":51}},"2":{"start":{"line":4,"column":0},"end":{"line":4,"column":52}},"3":{"start":{"line":5,"column":0},"end":{"line":5,"column":46}},"4":{"start":{"line":6,"column":0},"end":{"line":6,"column":62}},"5":{"start":{"line":10,"column":0},"end":{"line":9,"column":1}},"6":{"start":{"line":13,"column":12},"end":{"line":13,"column":31}},"7":{"start":{"line":16,"column":2},"end":{"line":47,"column":null}},"8":{"start":{"line":16,"column":2},"end":{"line":16,"column":8}},"9":{"start":{"line":17,"column":4},"end":{"line":46,"column":null}},"10":{"start":{"line":17,"column":74},"end":{"line":46,"column":6}},"11":{"start":{"line":18,"column":12},"end":{"line":18,"column":null}},"12":{"start":{"line":19,"column":12},"end":{"line":19,"column":null}},"13":{"start":{"line":21,"column":6},"end":{"line":23,"column":7}},"14":{"start":{"line":22,"column":8},"end":{"line":22,"column":null}},"15":{"start":{"line":25,"column":23},"end":{"line":26,"column":null}},"16":{"start":{"line":26,"column":21},"end":{"line":26,"column":71}},"17":{"start":{"line":25,"column":12},"end":{"line":26,"column":null}},"18":{"start":{"line":28,"column":21},"end":{"line":29,"column":null}},"19":{"start":{"line":29,"column":21},"end":{"line":29,"column":69}},"20":{"start":{"line":28,"column":12},"end":{"line":29,"column":null}},"21":{"start":{"line":31,"column":6},"end":{"line":33,"column":7}},"22":{"start":{"line":32,"column":8},"end":{"line":32,"column":null}},"23":{"start":{"line":35,"column":6},"end":{"line":35,"column":null}},"24":{"start":{"line":36,"column":6},"end":{"line":36,"column":null}},"25":{"start":{"line":38,"column":6},"end":{"line":38,"column":null}},"26":{"start":{"line":40,"column":13},"end":{"line":45,"column":null}},"27":{"start":{"line":40,"column":6},"end":{"line":45,"column":null}},"28":{"start":{"line":49,"column":2},"end":{"line":51,"column":null}},"29":{"start":{"line":50,"column":4},"end":{"line":50,"column":null}},"30":{"start":{"line":53,"column":8},"end":{"line":55,"column":null}},"31":{"start":{"line":54,"column":4},"end":{"line":54,"column":null}},"32":{"start":{"line":54,"column":81},"end":{"line":54,"column":111}},"33":{"start":{"line":57,"column":8},"end":{"line":67,"column":null}},"34":{"start":{"line":57,"column":30},"end":{"line":57,"column":32}},"35":{"start":{"line":57,"column":39},"end":{"line":57,"column":59}},"36":{"start":{"line":58,"column":21},"end":{"line":58,"column":null}},"37":{"start":{"line":58,"column":10},"end":{"line":58,"column":null}},"38":{"start":{"line":63,"column":13},"end":{"line":63,"column":null}},"39":{"start":{"line":59,"column":4},"end":{"line":65,"column":null}},"40":{"start":{"line":10,"column":13},"end":{"line":69,"column":null}},"41":{"start":{"line":69,"column":0},"end":{"line":69,"column":null}},"42":{"start":{"line":10,"column":13},"end":{"line":10,"column":28}}},"fnMap":{"0":{"name":"(anonymous_17)","decl":{"start":{"line":10,"column":0},"end":{"line":10,"column":13}},"loc":{"start":{"line":10,"column":0},"end":{"line":9,"column":1}}},"1":{"name":"PaymentsService","decl":{"start":{"line":11,"column":2},"end":{"line":11,"column":null}},"loc":{"start":{"line":13,"column":50},"end":{"line":14,"column":6}}},"2":{"name":"(anonymous_19)","decl":{"start":{"line":16,"column":2},"end":{"line":16,"column":8}},"loc":{"start":{"line":16,"column":43},"end":{"line":47,"column":3}}},"3":{"name":"(anonymous_20)","decl":{"start":{"line":17,"column":54},"end":{"line":17,"column":61}},"loc":{"start":{"line":17,"column":74},"end":{"line":46,"column":6}}},"4":{"name":"(anonymous_21)","decl":{"start":{"line":17,"column":74},"end":{"line":17,"column":null}},"loc":{"start":{"line":17,"column":74},"end":{"line":46,"column":6}}},"5":{"name":"(anonymous_23)","decl":{"start":{"line":26,"column":13},"end":{"line":26,"column":21}},"loc":{"start":{"line":26,"column":13},"end":{"line":26,"column":72}}},"6":{"name":"(anonymous_24)","decl":{"start":{"line":29,"column":13},"end":{"line":29,"column":21}},"loc":{"start":{"line":29,"column":13},"end":{"line":29,"column":70}}},"7":{"name":"(anonymous_25)","decl":{"start":{"line":49,"column":2},"end":{"line":49,"column":9}},"loc":{"start":{"line":49,"column":2},"end":{"line":51,"column":3}}},"8":{"name":"(anonymous_26)","decl":{"start":{"line":53,"column":2},"end":{"line":53,"column":8}},"loc":{"start":{"line":53,"column":26},"end":{"line":55,"column":null}}},"9":{"name":"(anonymous_29)","decl":{"start":{"line":54,"column":73},"end":{"line":54,"column":81}},"loc":{"start":{"line":54,"column":73},"end":{"line":54,"column":112}}},"10":{"name":"(anonymous_30)","decl":{"start":{"line":57,"column":2},"end":{"line":57,"column":8}},"loc":{"start":{"line":57,"column":2},"end":{"line":67,"column":null}}}},"branchMap":{"0":{"loc":{"start":{"line":40,"column":6},"end":{"line":45,"column":null}},"type":"switch","locations":[{"start":{"line":40,"column":6},"end":{"line":45,"column":null}}]},"1":{"loc":{"start":{"line":21,"column":6},"end":{"line":23,"column":7}},"type":"if","locations":[{"start":{"line":21,"column":6},"end":{"line":23,"column":7}}]},"2":{"loc":{"start":{"line":31,"column":6},"end":{"line":33,"column":7}},"type":"if","locations":[{"start":{"line":31,"column":6},"end":{"line":33,"column":7}}]},"3":{"loc":{"start":{"line":58,"column":21},"end":{"line":58,"column":null}},"type":"switch","locations":[{"start":{"line":58,"column":21},"end":{"line":58,"column":null}},{"start":{"line":59,"column":4},"end":{"line":65,"column":null}}]}},"s":{"0":2,"1":2,"2":2,"3":2,"4":2,"5":2,"6":2,"7":2,"8":0,"9":0,"10":0,"11":0,"12":0,"13":0,"14":0,"15":0,"16":0,"17":0,"18":0,"19":0,"20":0,"21":0,"22":0,"23":0,"24":0,"25":0,"26":0,"27":0,"28":2,"29":0,"30":2,"31":0,"32":0,"33":2,"34":0,"35":0,"36":0,"37":0,"38":0,"39":0,"40":2,"41":2,"42":2},"f":{"0":2,"1":2,"2":0,"3":0,"4":0,"5":0,"6":0,"7":0,"8":0,"9":0,"10":0},"b":{"0":[0],"1":[0],"2":[0],"3":[0,0]}}
}
