TN:
SF:src/app.controller.ts
FN:7,(anonymous_2)
FN:8,AppController
FN:11,(anonymous_4)
FNF:3
FNH:3
FNDA:1,(anonymous_2)
FNDA:1,AppController
FNDA:1,(anonymous_4)
DA:1,1
DA:2,1
DA:3,1
DA:7,1
DA:8,1
DA:11,2
DA:12,1
DA:14,1
LF:8
LH:8
BRF:0
BRH:0
end_of_record
TN:
SF:src/app.service.ts
FN:4,(anonymous_1)
FN:5,(anonymous_3)
FNF:2
FNH:2
FNDA:2,(anonymous_1)
FNDA:1,(anonymous_3)
DA:1,1
DA:4,1
DA:5,1
DA:6,1
DA:8,1
LF:5
LH:5
BRF:0
BRH:0
end_of_record
TN:
SF:src/accounts/accounts.controller.ts
FN:19,(anonymous_4)
FN:20,AccountsController
FN:23,(anonymous_6)
FN:28,(anonymous_7)
FN:33,(anonymous_8)
FN:38,(anonymous_9)
FNF:6
FNH:2
FNDA:1,(anonymous_4)
FNDA:1,AccountsController
FNDA:0,(anonymous_6)
FNDA:0,(anonymous_7)
FNDA:0,(anonymous_8)
FNDA:0,(anonymous_9)
DA:1,1
DA:10,1
DA:11,1
DA:12,1
DA:13,1
DA:19,1
DA:20,1
DA:23,2
DA:24,0
DA:28,2
DA:29,0
DA:33,2
DA:34,0
DA:38,2
DA:39,0
DA:41,1
LF:16
LH:12
BRF:0
BRH:0
end_of_record
TN:
SF:src/accounts/accounts.service.ts
FN:8,(anonymous_17)
FN:9,AccountsService
FN:14,(anonymous_19)
FN:18,(anonymous_20)
FN:22,(anonymous_21)
FN:23,(anonymous_24)
FN:26,(anonymous_25)
FNF:7
FNH:1
FNDA:1,(anonymous_17)
FNDA:0,AccountsService
FNDA:0,(anonymous_19)
FNDA:0,(anonymous_20)
FNDA:0,(anonymous_21)
FNDA:0,(anonymous_24)
FNDA:0,(anonymous_25)
DA:1,1
DA:3,1
DA:4,1
DA:5,1
DA:8,1
DA:11,0
DA:14,1
DA:15,0
DA:18,1
DA:19,0
DA:22,1
DA:23,0
DA:26,1
DA:27,0
DA:29,1
LF:15
LH:10
BRF:0
BRH:0
end_of_record
TN:
SF:src/auth/auth.controller.ts
FN:9,(anonymous_4)
FN:10,AuthController
FN:13,(anonymous_6)
FN:18,(anonymous_7)
FNF:4
FNH:2
FNDA:1,(anonymous_4)
FNDA:1,AuthController
FNDA:0,(anonymous_6)
FNDA:0,(anonymous_7)
DA:1,1
DA:2,1
DA:3,1
DA:4,1
DA:5,1
DA:9,1
DA:10,1
DA:13,2
DA:14,0
DA:18,2
DA:19,0
DA:21,1
LF:12
LH:10
BRF:0
BRH:0
end_of_record
TN:
SF:src/auth/auth.guard.ts
FN:12,(anonymous_15)
FN:13,AuthGuard
FN:15,(anonymous_17)
FN:36,(anonymous_20)
FNF:4
FNH:1
FNDA:1,(anonymous_15)
FNDA:0,AuthGuard
FNDA:0,(anonymous_17)
FNDA:0,(anonymous_20)
DA:1,1
DA:7,1
DA:8,1
DA:12,1
DA:13,0
DA:15,1
DA:16,0
DA:17,0
DA:18,0
DA:19,0
DA:23,0
DA:28,0
DA:30,0
DA:33,0
DA:36,1
DA:37,0
DA:38,0
DA:40,1
LF:18
LH:7
BRDA:33,0,0,0
BRDA:18,1,0,0
BRDA:37,2,0,0
BRDA:37,2,1,0
BRDA:37,3,0,0
BRDA:37,3,1,0
BRDA:37,4,0,0
BRDA:37,4,1,0
BRDA:37,5,0,0
BRDA:37,5,1,0
BRDA:38,6,0,0
BRDA:38,6,1,0
BRF:12
BRH:0
end_of_record
TN:
SF:src/auth/auth.service.ts
FN:13,(anonymous_18)
FN:14,AuthService
FN:20,(anonymous_20)
FN:37,(anonymous_23)
FN:45,(anonymous_26)
FNF:5
FNH:2
FNDA:2,(anonymous_18)
FNDA:2,AuthService
FNDA:0,(anonymous_20)
FNDA:0,(anonymous_23)
FNDA:0,(anonymous_26)
DA:1,2
DA:6,2
DA:7,2
DA:8,2
DA:9,2
DA:10,2
DA:13,2
DA:16,2
DA:17,2
DA:20,2
DA:21,0
DA:23,0
DA:24,0
DA:27,0
DA:28,0
DA:31,0
DA:32,0
DA:33,0
DA:37,2
DA:38,0
DA:46,0
DA:47,0
DA:50,2
LF:23
LH:12
BRDA:21,0,0,0
BRDA:21,0,1,0
BRDA:23,1,0,0
BRDA:27,2,0,0
BRDA:27,3,0,0
BRDA:27,3,1,0
BRDA:27,4,0,0
BRDA:27,4,1,0
BRF:8
BRH:0
end_of_record
TN:
SF:src/payments/payments.controller.ts
FN:16,(anonymous_4)
FN:17,PaymentsController
FN:21,(anonymous_6)
FN:26,(anonymous_7)
FN:32,(anonymous_8)
FN:39,(anonymous_9)
FNF:6
FNH:2
FNDA:1,(anonymous_4)
FNDA:1,PaymentsController
FNDA:0,(anonymous_6)
FNDA:0,(anonymous_7)
FNDA:0,(anonymous_8)
FNDA:0,(anonymous_9)
DA:1,1
DA:9,1
DA:10,1
DA:11,1
DA:12,1
DA:16,1
DA:17,1
DA:21,2
DA:22,0
DA:26,2
DA:27,0
DA:32,2
DA:33,0
DA:39,2
DA:40,0
DA:42,1
LF:16
LH:12
BRF:0
BRH:0
end_of_record
TN:
SF:src/payments/payments.service.ts
FN:10,(anonymous_17)
FN:11,PaymentsService
FN:16,(anonymous_19)
FN:17,(anonymous_20)
FN:17,(anonymous_21)
FN:26,(anonymous_23)
FN:29,(anonymous_24)
FN:49,(anonymous_25)
FN:53,(anonymous_26)
FN:54,(anonymous_29)
FN:57,(anonymous_30)
FNF:11
FNH:2
FNDA:2,(anonymous_17)
FNDA:2,PaymentsService
FNDA:0,(anonymous_19)
FNDA:0,(anonymous_20)
FNDA:0,(anonymous_21)
FNDA:0,(anonymous_23)
FNDA:0,(anonymous_24)
FNDA:0,(anonymous_25)
FNDA:0,(anonymous_26)
FNDA:0,(anonymous_29)
FNDA:0,(anonymous_30)
DA:1,2
DA:3,2
DA:4,2
DA:5,2
DA:6,2
DA:10,2
DA:13,2
DA:16,2
DA:17,0
DA:18,0
DA:19,0
DA:21,0
DA:22,0
DA:25,0
DA:26,0
DA:28,0
DA:29,0
DA:31,0
DA:32,0
DA:35,0
DA:36,0
DA:38,0
DA:40,0
DA:49,2
DA:50,0
DA:53,2
DA:54,0
DA:57,2
DA:58,0
DA:59,0
DA:63,0
DA:69,2
LF:32
LH:12
BRDA:40,0,0,0
BRDA:21,1,0,0
BRDA:31,2,0,0
BRDA:58,3,0,0
BRDA:58,3,1,0
BRF:5
BRH:0
end_of_record
